# JRE version: Java(TM) SE Runtime Environment (8.0_191-b12) (build 1.8.0_191-b12)
# Java VM: Java HotSpot(TM) 64-Bit Server VM (25.191-b12 mixed mode linux-amd64 compressed oops)
Heap:
 PSYoungGen      total 127488K, used 7524K [0x00000000ec100000, 0x00000000f4600000, 0x0000000100000000)
  eden space 119808K, 0% used [0x00000000ec100000,0x00000000ec100000,0x00000000f3600000)
  from space 7680K, 97% used [0x00000000f3600000,0x00000000f3d59250,0x00000000f3d80000)
  to   space 6656K, 0% used [0x00000000f3d80000,0x00000000f3d80000,0x00000000f4400000)
 ParOldGen       total 27648K, used 8313K [0x00000000c4200000, 0x00000000c5d00000, 0x00000000ec100000)
  object space 27648K, 30% used [0x00000000c4200000,0x00000000c4a1e720,0x00000000c5d00000)
 Metaspace       used 25808K, capacity 26818K, committed 26928K, reserved 1073152K
  class space    used 3342K, capacity 3571K, committed 3632K, reserved 1048576K
GC Heap History (10 events):
Event: 2,525 GC heap after
Heap after GC invocations=5 (full 0):
 PSYoungGen      total 33280K, used 2544K [0x00000000ec100000, 0x00000000f0800000, 0x0000000100000000)
  eden space 30720K, 0% used [0x00000000ec100000,0x00000000ec100000,0x00000000edf00000)
  from space 2560K, 99% used [0x00000000edf00000,0x00000000ee17c010,0x00000000ee180000)
  to   space 5632K, 0% used [0x00000000f0280000,0x00000000f0280000,0x00000000f0800000)
 ParOldGen       total 40960K, used 3905K [0x00000000c4200000, 0x00000000c6a00000, 0x00000000ec100000)
  object space 40960K, 9% used [0x00000000c4200000,0x00000000c45d0618,0x00000000c6a00000)
 Metaspace       used 13078K, capacity 13590K, committed 13696K, reserved 1060864K
  class space    used 1685K, capacity 1824K, committed 1920K, reserved 1048576K
}
Event: 3,285 GC heap before
{Heap before GC invocations=6 (full 0):
 PSYoungGen      total 33280K, used 33264K [0x00000000ec100000, 0x00000000f0800000, 0x0000000100000000)
  eden space 30720K, 100% used [0x00000000ec100000,0x00000000edf00000,0x00000000edf00000)
  from space 2560K, 99% used [0x00000000edf00000,0x00000000ee17c010,0x00000000ee180000)
  to   space 5632K, 0% used [0x00000000f0280000,0x00000000f0280000,0x00000000f0800000)
 ParOldGen       total 40960K, used 3911K [0x00000000c4200000, 0x00000000c6a00000, 0x00000000ec100000)
  object space 40960K, 9% used [0x00000000c4200000,0x00000000c45d1e88,0x00000000c6a00000)
 Metaspace       used 16120K, capacity 16686K, committed 16896K, reserved 1064960K
  class space    used 2124K, capacity 2272K, committed 2304K, reserved 1048576K
Event: 3,316 GC heap after
Heap after GC invocations=6 (full 0):
 PSYoungGen      total 66048K, used 5621K [0x00000000ec100000, 0x00000000f0a00000, 0x0000000100000000)
  eden space 60416K, 0% used [0x00000000ec100000,0x00000000ec100000,0x00000000efc00000)
  from space 5632K, 99% used [0x00000000f0280000,0x00000000f07fd550,0x00000000f0800000)
  to   space 6656K, 0% used [0x00000000efc00000,0x00000000efc00000,0x00000000f0280000)
 ParOldGen       total 40960K, used 4327K [0x00000000c4200000, 0x00000000c6a00000, 0x00000000ec100000)
  object space 40960K, 10% used [0x00000000c4200000,0x00000000c4639f90,0x00000000c6a00000)
 Metaspace       used 16120K, capacity 16686K, committed 16896K, reserved 1064960K
  class space    used 2124K, capacity 2272K, committed 2304K, reserved 1048576K
}
Event: 3,317 GC heap before
{Heap before GC invocations=7 (full 0):
 PSYoungGen      total 66048K, used 5621K [0x00000000ec100000, 0x00000000f0a00000, 0x0000000100000000)
  eden space 60416K, 0% used [0x00000000ec100000,0x00000000ec100030,0x00000000efc00000)
  from space 5632K, 99% used [0x00000000f0280000,0x00000000f07fd550,0x00000000f0800000)
  to   space 6656K, 0% used [0x00000000efc00000,0x00000000efc00000,0x00000000f0280000)
 ParOldGen       total 40960K, used 4327K [0x00000000c4200000, 0x00000000c6a00000, 0x00000000ec100000)
  object space 40960K, 10% used [0x00000000c4200000,0x00000000c4639f90,0x00000000c6a00000)
 Metaspace       used 16120K, capacity 16686K, committed 16896K, reserved 1064960K
  class space    used 2124K, capacity 2272K, committed 2304K, reserved 1048576K
Event: 3,346 GC heap after
Heap after GC invocations=7 (full 0):
 PSYoungGen      total 67072K, used 4417K [0x00000000ec100000, 0x00000000f4400000, 0x0000000100000000)
  eden space 60416K, 0% used [0x00000000ec100000,0x00000000ec100000,0x00000000efc00000)
  from space 6656K, 66% used [0x00000000efc00000,0x00000000f0050428,0x00000000f0280000)
  to   space 6656K, 0% used [0x00000000f3d80000,0x00000000f3d80000,0x00000000f4400000)
 ParOldGen       total 40960K, used 5466K [0x00000000c4200000, 0x00000000c6a00000, 0x00000000ec100000)
  object space 40960K, 13% used [0x00000000c4200000,0x00000000c4756920,0x00000000c6a00000)
 Metaspace       used 16120K, capacity 16686K, committed 16896K, reserved 1064960K
  class space    used 2124K, capacity 2272K, committed 2304K, reserved 1048576K
}
Event: 4,128 GC heap before
{Heap before GC invocations=8 (full 0):
 PSYoungGen      total 67072K, used 38048K [0x00000000ec100000, 0x00000000f4400000, 0x0000000100000000)
  eden space 60416K, 55% used [0x00000000ec100000,0x00000000ee1d7db8,0x00000000efc00000)
  from space 6656K, 66% used [0x00000000efc00000,0x00000000f0050428,0x00000000f0280000)
  to   space 6656K, 0% used [0x00000000f3d80000,0x00000000f3d80000,0x00000000f4400000)
 ParOldGen       total 40960K, used 5466K [0x00000000c4200000, 0x00000000c6a00000, 0x00000000ec100000)
  object space 40960K, 13% used [0x00000000c4200000,0x00000000c4756920,0x00000000c6a00000)
 Metaspace       used 20570K, capacity 21160K, committed 21296K, reserved 1067008K
  class space    used 2660K, capacity 2825K, committed 2864K, reserved 1048576K
Event: 4,156 GC heap after
Heap after GC invocations=8 (full 0):
 PSYoungGen      total 126464K, used 6638K [0x00000000ec100000, 0x00000000f4600000, 0x0000000100000000)
  eden space 119808K, 0% used [0x00000000ec100000,0x00000000ec100000,0x00000000f3600000)
  from space 6656K, 99% used [0x00000000f3d80000,0x00000000f43fba78,0x00000000f4400000)
  to   space 7680K, 0% used [0x00000000f3600000,0x00000000f3600000,0x00000000f3d80000)
 ParOldGen       total 40960K, used 5927K [0x00000000c4200000, 0x00000000c6a00000, 0x00000000ec100000)
  object space 40960K, 14% used [0x00000000c4200000,0x00000000c47c9ff0,0x00000000c6a00000)
 Metaspace       used 20570K, capacity 21160K, committed 21296K, reserved 1067008K
  class space    used 2660K, capacity 2825K, committed 2864K, reserved 1048576K
}
Event: 4,156 GC heap before
{Heap before GC invocations=9 (full 1):
 PSYoungGen      total 126464K, used 6638K [0x00000000ec100000, 0x00000000f4600000, 0x0000000100000000)
  eden space 119808K, 0% used [0x00000000ec100000,0x00000000ec100000,0x00000000f3600000)
  from space 6656K, 99% used [0x00000000f3d80000,0x00000000f43fba78,0x00000000f4400000)
  to   space 7680K, 0% used [0x00000000f3600000,0x00000000f3600000,0x00000000f3d80000)
 ParOldGen       total 40960K, used 5927K [0x00000000c4200000, 0x00000000c6a00000, 0x00000000ec100000)
  object space 40960K, 14% used [0x00000000c4200000,0x00000000c47c9ff0,0x00000000c6a00000)
 Metaspace       used 20570K, capacity 21160K, committed 21296K, reserved 1067008K
  class space    used 2660K, capacity 2825K, committed 2864K, reserved 1048576K
Event: 4,245 GC heap after
Heap after GC invocations=9 (full 1):
 PSYoungGen      total 126464K, used 0K [0x00000000ec100000, 0x00000000f4600000, 0x0000000100000000)
  eden space 119808K, 0% used [0x00000000ec100000,0x00000000ec100000,0x00000000f3600000)
  from space 6656K, 0% used [0x00000000f3d80000,0x00000000f3d80000,0x00000000f4400000)
  to   space 7680K, 0% used [0x00000000f3600000,0x00000000f3600000,0x00000000f3d80000)
 ParOldGen       total 27648K, used 8305K [0x00000000c4200000, 0x00000000c5d00000, 0x00000000ec100000)
  object space 27648K, 30% used [0x00000000c4200000,0x00000000c4a1c720,0x00000000c5d00000)
 Metaspace       used 20570K, capacity 21160K, committed 21296K, reserved 1067008K
  class space    used 2660K, capacity 2825K, committed 2864K, reserved 1048576K
}
Event: 21,007 GC heap before
{Heap before GC invocations=10 (full 1):
 PSYoungGen      total 126464K, used 119808K [0x00000000ec100000, 0x00000000f4600000, 0x0000000100000000)
  eden space 119808K, 100% used [0x00000000ec100000,0x00000000f3600000,0x00000000f3600000)
  from space 6656K, 0% used [0x00000000f3d80000,0x00000000f3d80000,0x00000000f4400000)
  to   space 7680K, 0% used [0x00000000f3600000,0x00000000f3600000,0x00000000f3d80000)
 ParOldGen       total 27648K, used 8305K [0x00000000c4200000, 0x00000000c5d00000, 0x00000000ec100000)
  object space 27648K, 30% used [0x00000000c4200000,0x00000000c4a1c720,0x00000000c5d00000)
 Metaspace       used 25808K, capacity 26818K, committed 26928K, reserved 1073152K
  class space    used 3342K, capacity 3571K, committed 3632K, reserved 1048576K

